
===========================================================================
 report_power
============================================================================
======================= Fastest Corner ===================================

Group                  Internal  Switching    Leakage      Total
                          Power      Power      Power      Power (Watts)
----------------------------------------------------------------
Sequential             7.86e-05   8.86e-06   1.42e-07   8.76e-05  38.4%
Combinational          7.51e-05   6.57e-05   5.63e-09   1.41e-04  61.6%
Macro                  0.00e+00   0.00e+00   0.00e+00   0.00e+00   0.0%
Pad                    0.00e+00   0.00e+00   0.00e+00   0.00e+00   0.0%
----------------------------------------------------------------
Total                  1.54e-04   7.46e-05   1.47e-07   2.28e-04 100.0%
                          67.3%      32.6%       0.1%

======================= Slowest Corner ===================================

Group                  Internal  Switching    Leakage      Total
                          Power      Power      Power      Power (Watts)
----------------------------------------------------------------
Sequential             5.24e-05   5.77e-06   5.65e-07   5.87e-05  37.6%
Combinational          5.38e-05   4.31e-05   7.15e-07   9.76e-05  62.4%
Macro                  0.00e+00   0.00e+00   0.00e+00   0.00e+00   0.0%
Pad                    0.00e+00   0.00e+00   0.00e+00   0.00e+00   0.0%
----------------------------------------------------------------
Total                  1.06e-04   4.89e-05   1.28e-06   1.56e-04 100.0%
                          67.9%      31.3%       0.8%

======================= Typical Corner ===================================

Group                  Internal  Switching    Leakage      Total
                          Power      Power      Power      Power (Watts)
----------------------------------------------------------------
Sequential             6.77e-05   7.40e-06   1.42e-07   7.53e-05  38.3%
Combinational          6.60e-05   5.54e-05   4.86e-09   1.21e-04  61.7%
Macro                  0.00e+00   0.00e+00   0.00e+00   0.00e+00   0.0%
Pad                    0.00e+00   0.00e+00   0.00e+00   0.00e+00   0.0%
----------------------------------------------------------------
Total                  1.34e-04   6.28e-05   1.46e-07   1.97e-04 100.0%
                          68.0%      31.9%       0.1%

