
===========================================================================
 report_power
============================================================================
======================= Fastest Corner ===================================

Group                  Internal  Switching    Leakage      Total
                          Power      Power      Power      Power (Watts)
----------------------------------------------------------------
Sequential             7.87e-05   8.44e-06   1.42e-07   8.73e-05  38.5%
Combinational          7.50e-05   6.42e-05   5.63e-09   1.39e-04  61.5%
Macro                  0.00e+00   0.00e+00   0.00e+00   0.00e+00   0.0%
Pad                    0.00e+00   0.00e+00   0.00e+00   0.00e+00   0.0%
----------------------------------------------------------------
Total                  1.54e-04   7.26e-05   1.47e-07   2.26e-04 100.0%
                          67.9%      32.1%       0.1%

======================= Slowest Corner ===================================

Group                  Internal  Switching    Leakage      Total
                          Power      Power      Power      Power (Watts)
----------------------------------------------------------------
Sequential             5.25e-05   5.49e-06   5.65e-07   5.85e-05  37.8%
Combinational          5.37e-05   4.21e-05   7.15e-07   9.65e-05  62.2%
Macro                  0.00e+00   0.00e+00   0.00e+00   0.00e+00   0.0%
Pad                    0.00e+00   0.00e+00   0.00e+00   0.00e+00   0.0%
----------------------------------------------------------------
Total                  1.06e-04   4.76e-05   1.28e-06   1.55e-04 100.0%
                          68.5%      30.7%       0.8%

======================= Typical Corner ===================================

Group                  Internal  Switching    Leakage      Total
                          Power      Power      Power      Power (Watts)
----------------------------------------------------------------
Sequential             6.78e-05   7.05e-06   1.42e-07   7.50e-05  38.5%
Combinational          6.59e-05   5.41e-05   4.86e-09   1.20e-04  61.5%
Macro                  0.00e+00   0.00e+00   0.00e+00   0.00e+00   0.0%
Pad                    0.00e+00   0.00e+00   0.00e+00   0.00e+00   0.0%
----------------------------------------------------------------
Total                  1.34e-04   6.11e-05   1.46e-07   1.95e-04 100.0%
                          68.6%      31.4%       0.1%

