
===========================================================================
 report_power
============================================================================
======================= Fastest Corner ===================================

Group                  Internal  Switching    Leakage      Total
                          Power      Power      Power      Power (Watts)
----------------------------------------------------------------
Sequential             7.86e-05   9.15e-06   1.42e-07   8.79e-05  38.3%
Combinational          7.51e-05   6.65e-05   5.63e-09   1.42e-04  61.7%
Macro                  0.00e+00   0.00e+00   0.00e+00   0.00e+00   0.0%
Pad                    0.00e+00   0.00e+00   0.00e+00   0.00e+00   0.0%
----------------------------------------------------------------
Total                  1.54e-04   7.57e-05   1.47e-07   2.29e-04 100.0%
                          67.0%      33.0%       0.1%

======================= Slowest Corner ===================================

Group                  Internal  Switching    Leakage      Total
                          Power      Power      Power      Power (Watts)
----------------------------------------------------------------
Sequential             5.24e-05   5.96e-06   5.65e-07   5.89e-05  37.5%
Combinational          5.38e-05   4.37e-05   7.15e-07   9.82e-05  62.5%
Macro                  0.00e+00   0.00e+00   0.00e+00   0.00e+00   0.0%
Pad                    0.00e+00   0.00e+00   0.00e+00   0.00e+00   0.0%
----------------------------------------------------------------
Total                  1.06e-04   4.96e-05   1.28e-06   1.57e-04 100.0%
                          67.6%      31.6%       0.8%

======================= Typical Corner ===================================

Group                  Internal  Switching    Leakage      Total
                          Power      Power      Power      Power (Watts)
----------------------------------------------------------------
Sequential             6.77e-05   7.64e-06   1.42e-07   7.55e-05  38.2%
Combinational          6.60e-05   5.61e-05   4.86e-09   1.22e-04  61.8%
Macro                  0.00e+00   0.00e+00   0.00e+00   0.00e+00   0.0%
Pad                    0.00e+00   0.00e+00   0.00e+00   0.00e+00   0.0%
----------------------------------------------------------------
Total                  1.34e-04   6.37e-05   1.46e-07   1.98e-04 100.0%
                          67.7%      32.3%       0.1%

