Instance name,  X location,  Y location,  Voltage 
output10, 166.12, 285.6, 1.8
output9, 166.12, 285.6, 1.8
FILLER_0_100_357, 166.12, 280.16, 1.8
FILLER_0_99_346, 166.12, 280.16, 1.8
FILLER_0_99_354, 166.12, 280.16, 1.8
_064_, 166.12, 280.16, 1.8
_066_, 166.12, 280.16, 1.8
FILLER_0_98_353, 166.12, 274.72, 1.8
FILLER_0_98_361, 166.12, 274.72, 1.8
_126_, 166.12, 274.72, 1.8
_127_, 166.12, 274.72, 1.8
FILLER_0_96_357, 166.12, 269.28, 1.8
FILLER_0_94_357, 166.12, 263.84, 1.8
FILLER_0_92_357, 166.12, 258.4, 1.8
FILLER_0_90_357, 166.12, 252.96, 1.8
FILLER_0_88_357, 166.12, 247.52, 1.8
FILLER_0_86_357, 166.12, 242.08, 1.8
FILLER_0_84_357, 166.12, 236.64, 1.8
FILLER_0_82_357, 166.12, 231.2, 1.8
FILLER_0_80_357, 166.12, 225.76, 1.8
FILLER_0_78_357, 166.12, 220.32, 1.8
FILLER_0_76_357, 166.12, 214.88, 1.8
FILLER_0_74_357, 166.12, 209.44, 1.8
FILLER_0_72_357, 166.12, 204, 1.8
FILLER_0_70_357, 166.12, 198.56, 1.8
FILLER_0_68_357, 166.12, 193.12, 1.8
FILLER_0_66_357, 166.12, 187.68, 1.8
FILLER_0_64_357, 166.12, 182.24, 1.8
FILLER_0_62_357, 166.12, 176.8, 1.8
FILLER_0_60_357, 166.12, 171.36, 1.8
FILLER_0_58_357, 166.12, 165.92, 1.8
FILLER_0_56_357, 166.12, 160.48, 1.8
FILLER_0_54_357, 166.12, 155.04, 1.8
FILLER_0_52_357, 166.12, 149.6, 1.8
FILLER_0_50_357, 166.12, 144.16, 1.8
FILLER_0_48_357, 166.12, 138.72, 1.8
FILLER_0_46_357, 166.12, 133.28, 1.8
FILLER_0_44_357, 166.12, 127.84, 1.8
FILLER_0_42_357, 166.12, 122.4, 1.8
FILLER_0_40_357, 166.12, 116.96, 1.8
FILLER_0_38_357, 166.12, 111.52, 1.8
FILLER_0_36_357, 166.12, 106.08, 1.8
FILLER_0_34_357, 166.12, 100.64, 1.8
FILLER_0_32_357, 166.12, 95.2, 1.8
FILLER_0_30_357, 166.12, 89.76, 1.8
FILLER_0_28_357, 166.12, 84.32, 1.8
FILLER_0_26_357, 166.12, 78.88, 1.8
FILLER_0_24_357, 166.12, 73.44, 1.8
FILLER_0_22_357, 166.12, 68, 1.8
FILLER_0_20_357, 166.12, 62.56, 1.8
FILLER_0_18_357, 166.12, 57.12, 1.8
FILLER_0_16_357, 166.12, 51.68, 1.8
FILLER_0_14_357, 166.12, 46.24, 1.8
FILLER_0_12_357, 166.12, 40.8, 1.8
FILLER_0_10_357, 166.12, 35.36, 1.8
FILLER_0_8_357, 166.12, 29.92, 1.8
FILLER_0_6_357, 166.12, 24.48, 1.8
FILLER_0_4_357, 166.12, 19.04, 1.8
FILLER_0_0_361, 166.12, 13.6, 1.8
FILLER_0_2_357, 166.12, 13.6, 1.8
FILLER_0_101_13, 12.52, 285.6, 1.8
output3, 12.52, 285.6, 1.8
PHY_200, 5.52, 285.6, 1.8
PHY_202, 5.52, 285.6, 1.8
input2, 5.52, 285.6, 1.8
PHY_201, 294.4, 285.6, 1.8
PHY_203, 294.4, 285.6, 1.8
output24, 294.4, 285.6, 1.8
FILLER_0_101_47, 25.32, 285.6, 1.8
output14, 25.32, 285.6, 1.8
FILLER_0_101_57, 38.12, 285.6, 1.8
FILLER_0_101_80, 38.12, 285.6, 1.8
output25, 38.12, 285.6, 1.8
output26, 50.92, 285.6, 1.8
output27, 50.92, 285.6, 1.8
FILLER_0_101_131, 63.72, 285.6, 1.8
output28, 63.72, 285.6, 1.8
FILLER_0_100_153, 76.52, 285.6, 1.8
FILLER_0_101_141, 76.52, 285.6, 1.8
FILLER_0_101_164, 76.52, 285.6, 1.8
output29, 76.52, 285.6, 1.8
_063_, 89.32, 285.6, 1.8
_096_, 89.32, 285.6, 1.8
_097_, 89.32, 285.6, 1.8
output30, 89.32, 285.6, 1.8
output31, 89.32, 285.6, 1.8
FILLER_0_101_215, 102.12, 285.6, 1.8
_145_, 102.12, 285.6, 1.8
output32, 102.12, 285.6, 1.8
FILLER_0_100_230, 114.92, 285.6, 1.8
FILLER_0_101_225, 114.92, 285.6, 1.8
FILLER_0_101_248, 114.92, 285.6, 1.8
output4, 114.92, 285.6, 1.8
FILLER_0_100_265, 127.72, 285.6, 1.8
output5, 127.72, 285.6, 1.8
output6, 127.72, 285.6, 1.8
FILLER_0_101_299, 140.52, 285.6, 1.8
_123_, 140.52, 285.6, 1.8
hold6, 140.52, 285.6, 1.8
output7, 140.52, 285.6, 1.8
FILLER_0_101_309, 153.32, 285.6, 1.8
FILLER_0_101_332, 153.32, 285.6, 1.8
output8, 153.32, 285.6, 1.8
FILLER_0_101_383, 178.948, 285.6, 1.8
output11, 178.948, 285.6, 1.8
FILLER_0_101_393, 191.776, 285.6, 1.8
FILLER_0_101_416, 191.776, 285.6, 1.8
output12, 191.776, 285.6, 1.8
output13, 204.604, 285.6, 1.8
output15, 204.604, 285.6, 1.8
FILLER_0_101_467, 217.432, 285.6, 1.8
output16, 217.432, 285.6, 1.8
FILLER_0_101_477, 230.26, 285.6, 1.8
FILLER_0_101_500, 230.26, 285.6, 1.8
output17, 230.26, 285.6, 1.8
output18, 243.088, 285.6, 1.8
output19, 243.088, 285.6, 1.8
FILLER_0_101_551, 255.916, 285.6, 1.8
output20, 255.916, 285.6, 1.8
FILLER_0_101_561, 268.744, 285.6, 1.8
FILLER_0_101_584, 268.744, 285.6, 1.8
_089_, 268.744, 285.6, 1.8
output21, 268.744, 285.6, 1.8
output22, 281.572, 285.6, 1.8
output23, 281.572, 285.6, 1.8
PHY_196, 5.52, 280.16, 1.8
PHY_198, 5.52, 280.16, 1.8
FILLER_0_99_617, 294.4, 280.16, 1.8
PHY_197, 294.4, 280.16, 1.8
PHY_199, 294.4, 280.16, 1.8
FILLER_0_99_51, 25.32, 280.16, 1.8
FILLER_0_100_77, 38.12, 280.16, 1.8
FILLER_0_99_105, 50.92, 280.16, 1.8
FILLER_0_100_133, 63.72, 280.16, 1.8
FILLER_0_98_153, 76.52, 280.16, 1.8
_099_, 76.52, 280.16, 1.8
_100_, 76.52, 280.16, 1.8
_101_, 76.52, 280.16, 1.8
_103_, 76.52, 280.16, 1.8
FILLER_0_100_190, 89.32, 280.16, 1.8
_105_, 89.32, 280.16, 1.8
_106_, 89.32, 280.16, 1.8
_107_, 89.32, 280.16, 1.8
_108_, 89.32, 280.16, 1.8
_110_, 89.32, 280.16, 1.8
_112_, 89.32, 280.16, 1.8
FILLER_0_98_205, 102.12, 280.16, 1.8
_093_, 102.12, 280.16, 1.8
_113_, 102.12, 280.16, 1.8
_141_, 102.12, 280.16, 1.8
FILLER_0_100_246, 114.92, 280.16, 1.8
FILLER_0_99_237, 114.92, 280.16, 1.8
_114_, 114.92, 280.16, 1.8
_115_, 114.92, 280.16, 1.8
_116_, 114.92, 280.16, 1.8
_117_, 114.92, 280.16, 1.8
_151_, 114.92, 280.16, 1.8
hold8, 114.92, 280.16, 1.8
FILLER_0_100_273, 127.72, 280.16, 1.8
FILLER_0_99_252, 127.72, 280.16, 1.8
_118_, 127.72, 280.16, 1.8
_119_, 127.72, 280.16, 1.8
_120_, 127.72, 280.16, 1.8
fanout1, 127.72, 280.16, 1.8
hold5, 127.72, 280.16, 1.8
_121_, 140.52, 280.16, 1.8
_122_, 140.52, 280.16, 1.8
_124_, 140.52, 280.16, 1.8
_125_, 140.52, 280.16, 1.8
FILLER_0_99_328, 153.32, 280.16, 1.8
_065_, 153.32, 280.16, 1.8
hold1, 153.32, 280.16, 1.8
FILLER_0_98_365, 178.948, 280.16, 1.8
FILLER_0_98_376, 178.948, 280.16, 1.8
_067_, 178.948, 280.16, 1.8
_068_, 178.948, 280.16, 1.8
fanout2, 178.948, 280.16, 1.8
FILLER_0_100_413, 191.776, 280.16, 1.8
FILLER_0_99_396, 191.776, 280.16, 1.8
FILLER_0_99_414, 191.776, 280.16, 1.8
_069_, 191.776, 280.16, 1.8
_070_, 191.776, 280.16, 1.8
_071_, 191.776, 280.16, 1.8
_073_, 191.776, 280.16, 1.8
FILLER_0_99_430, 204.604, 280.16, 1.8
FILLER_0_99_442, 204.604, 280.16, 1.8
_072_, 204.604, 280.16, 1.8
_075_, 204.604, 280.16, 1.8
FILLER_0_100_469, 217.432, 280.16, 1.8
_074_, 217.432, 280.16, 1.8
_076_, 217.432, 280.16, 1.8
_077_, 217.432, 280.16, 1.8
_078_, 217.432, 280.16, 1.8
FILLER_0_99_497, 230.26, 280.16, 1.8
_080_, 230.26, 280.16, 1.8
hold2, 230.26, 280.16, 1.8
FILLER_0_100_525, 243.088, 280.16, 1.8
FILLER_0_99_517, 243.088, 280.16, 1.8
_083_, 243.088, 280.16, 1.8
_084_, 243.088, 280.16, 1.8
FILLER_0_99_532, 255.916, 280.16, 1.8
_085_, 255.916, 280.16, 1.8
_086_, 255.916, 280.16, 1.8
_087_, 255.916, 280.16, 1.8
_088_, 255.916, 280.16, 1.8
_090_, 255.916, 280.16, 1.8
_092_, 255.916, 280.16, 1.8
FILLER_0_100_580, 268.744, 280.16, 1.8
_091_, 268.744, 280.16, 1.8
hold4, 268.744, 280.16, 1.8
PHY_192, 5.52, 274.72, 1.8
PHY_194, 5.52, 274.72, 1.8
FILLER_0_97_617, 294.4, 274.72, 1.8
PHY_193, 294.4, 274.72, 1.8
PHY_195, 294.4, 274.72, 1.8
FILLER_0_97_51, 25.32, 274.72, 1.8
FILLER_0_98_77, 38.12, 274.72, 1.8
FILLER_0_97_105, 50.92, 274.72, 1.8
FILLER_0_98_133, 63.72, 274.72, 1.8
FILLER_0_97_161, 76.52, 274.72, 1.8
_095_, 76.52, 274.72, 1.8
_098_, 76.52, 274.72, 1.8
_102_, 76.52, 274.72, 1.8
_104_, 76.52, 274.72, 1.8
FILLER_0_97_175, 89.32, 274.72, 1.8
FILLER_0_97_181, 89.32, 274.72, 1.8
FILLER_0_98_190, 89.32, 274.72, 1.8
_082_, 89.32, 274.72, 1.8
_094_, 89.32, 274.72, 1.8
_109_, 89.32, 274.72, 1.8
_111_, 89.32, 274.72, 1.8
_142_, 89.32, 274.72, 1.8
FILLER_0_96_209, 102.12, 274.72, 1.8
_147_, 102.12, 274.72, 1.8
_150_, 102.12, 274.72, 1.8
FILLER_0_97_233, 114.92, 274.72, 1.8
_140_, 114.92, 274.72, 1.8
_148_, 114.92, 274.72, 1.8
hold3, 114.92, 274.72, 1.8
FILLER_0_96_265, 127.72, 274.72, 1.8
FILLER_0_97_277, 127.72, 274.72, 1.8
_152_, 127.72, 274.72, 1.8
_153_, 127.72, 274.72, 1.8
_154_, 140.52, 274.72, 1.8
_155_, 140.52, 274.72, 1.8
FILLER_0_97_326, 153.32, 274.72, 1.8
FILLER_0_96_377, 178.948, 274.72, 1.8
FILLER_0_97_389, 178.948, 274.72, 1.8
clkbuf_0_clk, 178.948, 274.72, 1.8
FILLER_0_97_393, 191.776, 274.72, 1.8
FILLER_0_98_414, 191.776, 274.72, 1.8
_129_, 191.776, 274.72, 1.8
FILLER_0_97_441, 204.604, 274.72, 1.8
_130_, 204.604, 274.72, 1.8
clkbuf_2_2__f_clk, 204.604, 274.72, 1.8
FILLER_0_97_449, 217.432, 274.72, 1.8
_079_, 217.432, 274.72, 1.8
_081_, 217.432, 274.72, 1.8
_132_, 217.432, 274.72, 1.8
hold7, 217.432, 274.72, 1.8
FILLER_0_97_495, 230.26, 274.72, 1.8
_133_, 230.26, 274.72, 1.8
clkbuf_2_3__f_clk, 230.26, 274.72, 1.8
FILLER_0_98_521, 243.088, 274.72, 1.8
FILLER_0_98_529, 243.088, 274.72, 1.8
_135_, 243.088, 274.72, 1.8
_136_, 255.916, 274.72, 1.8
_139_, 255.916, 274.72, 1.8
FILLER_0_98_578, 268.744, 274.72, 1.8
_138_, 268.744, 274.72, 1.8
fanout3, 268.744, 274.72, 1.8
FILLER_0_97_605, 281.572, 274.72, 1.8
FILLER_0_97_613, 281.572, 274.72, 1.8
PHY_188, 5.52, 269.28, 1.8
PHY_190, 5.52, 269.28, 1.8
FILLER_0_95_617, 294.4, 269.28, 1.8
PHY_189, 294.4, 269.28, 1.8
PHY_191, 294.4, 269.28, 1.8
FILLER_0_95_51, 25.32, 269.28, 1.8
FILLER_0_96_77, 38.12, 269.28, 1.8
FILLER_0_95_105, 50.92, 269.28, 1.8
FILLER_0_96_133, 63.72, 269.28, 1.8
FILLER_0_95_161, 76.52, 269.28, 1.8
FILLER_0_95_193, 89.32, 269.28, 1.8
FILLER_0_96_189, 89.32, 269.28, 1.8
FILLER_0_94_209, 102.12, 269.28, 1.8
FILLER_0_95_201, 102.12, 269.28, 1.8
_143_, 102.12, 269.28, 1.8
_144_, 102.12, 269.28, 1.8
FILLER_0_94_265, 127.72, 269.28, 1.8
FILLER_0_95_273, 127.72, 269.28, 1.8
clkbuf_2_0__f_clk, 127.72, 269.28, 1.8
FILLER_0_95_329, 153.32, 269.28, 1.8
FILLER_0_95_385, 178.948, 269.28, 1.8
_128_, 178.948, 269.28, 1.8
FILLER_0_96_414, 191.776, 269.28, 1.8
FILLER_0_95_441, 204.604, 269.28, 1.8
_131_, 204.604, 269.28, 1.8
FILLER_0_95_461, 217.432, 269.28, 1.8
FILLER_0_96_473, 217.432, 269.28, 1.8
_134_, 217.432, 269.28, 1.8
FILLER_0_95_499, 230.26, 269.28, 1.8
FILLER_0_96_521, 243.088, 269.28, 1.8
FILLER_0_96_529, 243.088, 269.28, 1.8
FILLER_0_95_553, 255.916, 269.28, 1.8
_137_, 255.916, 269.28, 1.8
FILLER_0_96_584, 268.744, 269.28, 1.8
FILLER_0_95_609, 281.572, 269.28, 1.8
PHY_184, 5.52, 263.84, 1.8
PHY_186, 5.52, 263.84, 1.8
FILLER_0_93_617, 294.4, 263.84, 1.8
PHY_185, 294.4, 263.84, 1.8
PHY_187, 294.4, 263.84, 1.8
FILLER_0_93_51, 25.32, 263.84, 1.8
FILLER_0_94_77, 38.12, 263.84, 1.8
FILLER_0_93_105, 50.92, 263.84, 1.8
FILLER_0_94_133, 63.72, 263.84, 1.8
FILLER_0_93_161, 76.52, 263.84, 1.8
FILLER_0_93_193, 89.32, 263.84, 1.8
FILLER_0_94_189, 89.32, 263.84, 1.8
FILLER_0_93_221, 102.12, 263.84, 1.8
_146_, 102.12, 263.84, 1.8
_149_, 102.12, 263.84, 1.8
FILLER_0_94_245, 114.92, 263.84, 1.8
FILLER_0_93_273, 127.72, 263.84, 1.8
clkbuf_2_1__f_clk, 127.72, 263.84, 1.8
FILLER_0_94_303, 140.52, 263.84, 1.8
FILLER_0_93_329, 153.32, 263.84, 1.8
FILLER_0_93_385, 178.948, 263.84, 1.8
FILLER_0_94_413, 191.776, 263.84, 1.8
FILLER_0_93_441, 204.604, 263.84, 1.8
FILLER_0_94_469, 217.432, 263.84, 1.8
FILLER_0_93_497, 230.26, 263.84, 1.8
FILLER_0_94_525, 243.088, 263.84, 1.8
FILLER_0_93_553, 255.916, 263.84, 1.8
FILLER_0_94_581, 268.744, 263.84, 1.8
FILLER_0_93_609, 281.572, 263.84, 1.8
PHY_180, 5.52, 258.4, 1.8
PHY_182, 5.52, 258.4, 1.8
FILLER_0_91_617, 294.4, 258.4, 1.8
PHY_181, 294.4, 258.4, 1.8
PHY_183, 294.4, 258.4, 1.8
FILLER_0_91_51, 25.32, 258.4, 1.8
FILLER_0_92_77, 38.12, 258.4, 1.8
FILLER_0_91_105, 50.92, 258.4, 1.8
FILLER_0_92_133, 63.72, 258.4, 1.8
FILLER_0_91_161, 76.52, 258.4, 1.8
FILLER_0_92_189, 89.32, 258.4, 1.8
FILLER_0_91_217, 102.12, 258.4, 1.8
FILLER_0_92_245, 114.92, 258.4, 1.8
FILLER_0_91_273, 127.72, 258.4, 1.8
FILLER_0_92_301, 140.52, 258.4, 1.8
FILLER_0_91_329, 153.32, 258.4, 1.8
FILLER_0_91_385, 178.948, 258.4, 1.8
FILLER_0_92_413, 191.776, 258.4, 1.8
FILLER_0_91_441, 204.604, 258.4, 1.8
FILLER_0_92_469, 217.432, 258.4, 1.8
FILLER_0_91_497, 230.26, 258.4, 1.8
FILLER_0_92_525, 243.088, 258.4, 1.8
FILLER_0_91_553, 255.916, 258.4, 1.8
FILLER_0_92_581, 268.744, 258.4, 1.8
FILLER_0_91_609, 281.572, 258.4, 1.8
PHY_176, 5.52, 252.96, 1.8
PHY_178, 5.52, 252.96, 1.8
FILLER_0_89_617, 294.4, 252.96, 1.8
PHY_177, 294.4, 252.96, 1.8
PHY_179, 294.4, 252.96, 1.8
FILLER_0_89_51, 25.32, 252.96, 1.8
FILLER_0_90_77, 38.12, 252.96, 1.8
FILLER_0_89_105, 50.92, 252.96, 1.8
FILLER_0_90_133, 63.72, 252.96, 1.8
FILLER_0_89_161, 76.52, 252.96, 1.8
FILLER_0_90_189, 89.32, 252.96, 1.8
FILLER_0_89_217, 102.12, 252.96, 1.8
FILLER_0_90_245, 114.92, 252.96, 1.8
FILLER_0_89_273, 127.72, 252.96, 1.8
FILLER_0_90_301, 140.52, 252.96, 1.8
FILLER_0_89_329, 153.32, 252.96, 1.8
FILLER_0_89_385, 178.948, 252.96, 1.8
FILLER_0_90_413, 191.776, 252.96, 1.8
FILLER_0_89_441, 204.604, 252.96, 1.8
FILLER_0_90_469, 217.432, 252.96, 1.8
FILLER_0_89_497, 230.26, 252.96, 1.8
FILLER_0_90_525, 243.088, 252.96, 1.8
FILLER_0_89_553, 255.916, 252.96, 1.8
FILLER_0_90_581, 268.744, 252.96, 1.8
FILLER_0_89_609, 281.572, 252.96, 1.8
PHY_172, 5.52, 247.52, 1.8
PHY_174, 5.52, 247.52, 1.8
FILLER_0_87_617, 294.4, 247.52, 1.8
PHY_173, 294.4, 247.52, 1.8
PHY_175, 294.4, 247.52, 1.8
FILLER_0_87_51, 25.32, 247.52, 1.8
FILLER_0_88_77, 38.12, 247.52, 1.8
FILLER_0_87_105, 50.92, 247.52, 1.8
FILLER_0_88_133, 63.72, 247.52, 1.8
FILLER_0_87_161, 76.52, 247.52, 1.8
FILLER_0_88_189, 89.32, 247.52, 1.8
FILLER_0_87_217, 102.12, 247.52, 1.8
FILLER_0_88_245, 114.92, 247.52, 1.8
FILLER_0_87_273, 127.72, 247.52, 1.8
FILLER_0_88_301, 140.52, 247.52, 1.8
FILLER_0_87_329, 153.32, 247.52, 1.8
FILLER_0_87_385, 178.948, 247.52, 1.8
FILLER_0_88_413, 191.776, 247.52, 1.8
FILLER_0_87_441, 204.604, 247.52, 1.8
FILLER_0_88_469, 217.432, 247.52, 1.8
FILLER_0_87_497, 230.26, 247.52, 1.8
FILLER_0_88_525, 243.088, 247.52, 1.8
FILLER_0_87_553, 255.916, 247.52, 1.8
FILLER_0_88_581, 268.744, 247.52, 1.8
FILLER_0_87_609, 281.572, 247.52, 1.8
PHY_168, 5.52, 242.08, 1.8
PHY_170, 5.52, 242.08, 1.8
FILLER_0_85_617, 294.4, 242.08, 1.8
PHY_169, 294.4, 242.08, 1.8
PHY_171, 294.4, 242.08, 1.8
FILLER_0_85_51, 25.32, 242.08, 1.8
FILLER_0_86_77, 38.12, 242.08, 1.8
FILLER_0_85_105, 50.92, 242.08, 1.8
FILLER_0_86_133, 63.72, 242.08, 1.8
FILLER_0_85_161, 76.52, 242.08, 1.8
FILLER_0_86_189, 89.32, 242.08, 1.8
FILLER_0_85_217, 102.12, 242.08, 1.8
FILLER_0_86_245, 114.92, 242.08, 1.8
FILLER_0_85_273, 127.72, 242.08, 1.8
FILLER_0_86_301, 140.52, 242.08, 1.8
FILLER_0_85_329, 153.32, 242.08, 1.8
FILLER_0_85_385, 178.948, 242.08, 1.8
FILLER_0_86_413, 191.776, 242.08, 1.8
FILLER_0_85_441, 204.604, 242.08, 1.8
FILLER_0_86_469, 217.432, 242.08, 1.8
FILLER_0_85_497, 230.26, 242.08, 1.8
FILLER_0_86_525, 243.088, 242.08, 1.8
FILLER_0_85_553, 255.916, 242.08, 1.8
FILLER_0_86_581, 268.744, 242.08, 1.8
FILLER_0_85_609, 281.572, 242.08, 1.8
PHY_164, 5.52, 236.64, 1.8
PHY_166, 5.52, 236.64, 1.8
FILLER_0_83_617, 294.4, 236.64, 1.8
PHY_165, 294.4, 236.64, 1.8
PHY_167, 294.4, 236.64, 1.8
FILLER_0_83_51, 25.32, 236.64, 1.8
FILLER_0_84_77, 38.12, 236.64, 1.8
FILLER_0_83_105, 50.92, 236.64, 1.8
FILLER_0_84_133, 63.72, 236.64, 1.8
FILLER_0_83_161, 76.52, 236.64, 1.8
FILLER_0_84_189, 89.32, 236.64, 1.8
FILLER_0_83_217, 102.12, 236.64, 1.8
FILLER_0_84_245, 114.92, 236.64, 1.8
FILLER_0_83_273, 127.72, 236.64, 1.8
FILLER_0_84_301, 140.52, 236.64, 1.8
FILLER_0_83_329, 153.32, 236.64, 1.8
FILLER_0_83_385, 178.948, 236.64, 1.8
FILLER_0_84_413, 191.776, 236.64, 1.8
FILLER_0_83_441, 204.604, 236.64, 1.8
FILLER_0_84_469, 217.432, 236.64, 1.8
FILLER_0_83_497, 230.26, 236.64, 1.8
FILLER_0_84_525, 243.088, 236.64, 1.8
FILLER_0_83_553, 255.916, 236.64, 1.8
FILLER_0_84_581, 268.744, 236.64, 1.8
FILLER_0_83_609, 281.572, 236.64, 1.8
PHY_160, 5.52, 231.2, 1.8
PHY_162, 5.52, 231.2, 1.8
FILLER_0_81_617, 294.4, 231.2, 1.8
PHY_161, 294.4, 231.2, 1.8
PHY_163, 294.4, 231.2, 1.8
FILLER_0_81_51, 25.32, 231.2, 1.8
FILLER_0_82_77, 38.12, 231.2, 1.8
FILLER_0_81_105, 50.92, 231.2, 1.8
FILLER_0_82_133, 63.72, 231.2, 1.8
FILLER_0_81_161, 76.52, 231.2, 1.8
FILLER_0_82_189, 89.32, 231.2, 1.8
FILLER_0_81_217, 102.12, 231.2, 1.8
FILLER_0_82_245, 114.92, 231.2, 1.8
FILLER_0_81_273, 127.72, 231.2, 1.8
FILLER_0_82_301, 140.52, 231.2, 1.8
FILLER_0_81_329, 153.32, 231.2, 1.8
FILLER_0_81_385, 178.948, 231.2, 1.8
FILLER_0_82_413, 191.776, 231.2, 1.8
FILLER_0_81_441, 204.604, 231.2, 1.8
FILLER_0_82_469, 217.432, 231.2, 1.8
FILLER_0_81_497, 230.26, 231.2, 1.8
FILLER_0_82_525, 243.088, 231.2, 1.8
FILLER_0_81_553, 255.916, 231.2, 1.8
FILLER_0_82_581, 268.744, 231.2, 1.8
FILLER_0_81_609, 281.572, 231.2, 1.8
PHY_156, 5.52, 225.76, 1.8
PHY_158, 5.52, 225.76, 1.8
FILLER_0_79_617, 294.4, 225.76, 1.8
PHY_157, 294.4, 225.76, 1.8
PHY_159, 294.4, 225.76, 1.8
input1, 294.4, 225.76, 1.8
FILLER_0_79_51, 25.32, 225.76, 1.8
FILLER_0_80_77, 38.12, 225.76, 1.8
FILLER_0_79_105, 50.92, 225.76, 1.8
FILLER_0_80_133, 63.72, 225.76, 1.8
FILLER_0_79_161, 76.52, 225.76, 1.8
FILLER_0_80_189, 89.32, 225.76, 1.8
FILLER_0_79_217, 102.12, 225.76, 1.8
FILLER_0_80_245, 114.92, 225.76, 1.8
FILLER_0_79_273, 127.72, 225.76, 1.8
FILLER_0_80_301, 140.52, 225.76, 1.8
FILLER_0_79_329, 153.32, 225.76, 1.8
FILLER_0_79_385, 178.948, 225.76, 1.8
FILLER_0_80_413, 191.776, 225.76, 1.8
FILLER_0_79_441, 204.604, 225.76, 1.8
FILLER_0_80_469, 217.432, 225.76, 1.8
FILLER_0_79_497, 230.26, 225.76, 1.8
FILLER_0_80_525, 243.088, 225.76, 1.8
FILLER_0_79_553, 255.916, 225.76, 1.8
FILLER_0_80_581, 268.744, 225.76, 1.8
FILLER_0_79_609, 281.572, 225.76, 1.8
PHY_152, 5.52, 220.32, 1.8
PHY_154, 5.52, 220.32, 1.8
FILLER_0_77_617, 294.4, 220.32, 1.8
PHY_153, 294.4, 220.32, 1.8
PHY_155, 294.4, 220.32, 1.8
FILLER_0_77_51, 25.32, 220.32, 1.8
FILLER_0_78_77, 38.12, 220.32, 1.8
FILLER_0_77_105, 50.92, 220.32, 1.8
FILLER_0_78_133, 63.72, 220.32, 1.8
FILLER_0_77_161, 76.52, 220.32, 1.8
FILLER_0_78_189, 89.32, 220.32, 1.8
FILLER_0_77_217, 102.12, 220.32, 1.8
FILLER_0_78_245, 114.92, 220.32, 1.8
FILLER_0_77_273, 127.72, 220.32, 1.8
FILLER_0_78_301, 140.52, 220.32, 1.8
FILLER_0_77_329, 153.32, 220.32, 1.8
FILLER_0_77_385, 178.948, 220.32, 1.8
FILLER_0_78_413, 191.776, 220.32, 1.8
FILLER_0_77_441, 204.604, 220.32, 1.8
FILLER_0_78_469, 217.432, 220.32, 1.8
FILLER_0_77_497, 230.26, 220.32, 1.8
FILLER_0_78_525, 243.088, 220.32, 1.8
FILLER_0_77_553, 255.916, 220.32, 1.8
FILLER_0_78_581, 268.744, 220.32, 1.8
FILLER_0_77_609, 281.572, 220.32, 1.8
FILLER_0_78_613, 281.572, 220.32, 1.8
PHY_148, 5.52, 214.88, 1.8
PHY_150, 5.52, 214.88, 1.8
FILLER_0_75_617, 294.4, 214.88, 1.8
PHY_149, 294.4, 214.88, 1.8
PHY_151, 294.4, 214.88, 1.8
FILLER_0_75_51, 25.32, 214.88, 1.8
FILLER_0_76_77, 38.12, 214.88, 1.8
FILLER_0_75_105, 50.92, 214.88, 1.8
FILLER_0_76_133, 63.72, 214.88, 1.8
FILLER_0_75_161, 76.52, 214.88, 1.8
FILLER_0_76_189, 89.32, 214.88, 1.8
FILLER_0_75_217, 102.12, 214.88, 1.8
FILLER_0_76_245, 114.92, 214.88, 1.8
FILLER_0_75_273, 127.72, 214.88, 1.8
FILLER_0_76_301, 140.52, 214.88, 1.8
FILLER_0_75_329, 153.32, 214.88, 1.8
FILLER_0_75_385, 178.948, 214.88, 1.8
FILLER_0_76_413, 191.776, 214.88, 1.8
FILLER_0_75_441, 204.604, 214.88, 1.8
FILLER_0_76_469, 217.432, 214.88, 1.8
FILLER_0_75_497, 230.26, 214.88, 1.8
FILLER_0_76_525, 243.088, 214.88, 1.8
FILLER_0_75_553, 255.916, 214.88, 1.8
FILLER_0_76_581, 268.744, 214.88, 1.8
FILLER_0_75_609, 281.572, 214.88, 1.8
PHY_144, 5.52, 209.44, 1.8
PHY_146, 5.52, 209.44, 1.8
FILLER_0_73_617, 294.4, 209.44, 1.8
PHY_145, 294.4, 209.44, 1.8
PHY_147, 294.4, 209.44, 1.8
FILLER_0_73_51, 25.32, 209.44, 1.8
FILLER_0_74_77, 38.12, 209.44, 1.8
FILLER_0_73_105, 50.92, 209.44, 1.8
FILLER_0_74_133, 63.72, 209.44, 1.8
FILLER_0_73_161, 76.52, 209.44, 1.8
FILLER_0_74_189, 89.32, 209.44, 1.8
FILLER_0_73_217, 102.12, 209.44, 1.8
FILLER_0_74_245, 114.92, 209.44, 1.8
FILLER_0_73_273, 127.72, 209.44, 1.8
FILLER_0_74_301, 140.52, 209.44, 1.8
FILLER_0_73_329, 153.32, 209.44, 1.8
FILLER_0_73_385, 178.948, 209.44, 1.8
FILLER_0_74_413, 191.776, 209.44, 1.8
FILLER_0_73_441, 204.604, 209.44, 1.8
FILLER_0_74_469, 217.432, 209.44, 1.8
FILLER_0_73_497, 230.26, 209.44, 1.8
FILLER_0_74_525, 243.088, 209.44, 1.8
FILLER_0_73_553, 255.916, 209.44, 1.8
FILLER_0_74_581, 268.744, 209.44, 1.8
FILLER_0_73_609, 281.572, 209.44, 1.8
PHY_140, 5.52, 204, 1.8
PHY_142, 5.52, 204, 1.8
FILLER_0_71_617, 294.4, 204, 1.8
PHY_141, 294.4, 204, 1.8
PHY_143, 294.4, 204, 1.8
FILLER_0_71_51, 25.32, 204, 1.8
FILLER_0_72_77, 38.12, 204, 1.8
FILLER_0_71_105, 50.92, 204, 1.8
FILLER_0_72_133, 63.72, 204, 1.8
FILLER_0_71_161, 76.52, 204, 1.8
FILLER_0_72_189, 89.32, 204, 1.8
FILLER_0_71_217, 102.12, 204, 1.8
FILLER_0_72_245, 114.92, 204, 1.8
FILLER_0_71_273, 127.72, 204, 1.8
FILLER_0_72_301, 140.52, 204, 1.8
FILLER_0_71_329, 153.32, 204, 1.8
FILLER_0_71_385, 178.948, 204, 1.8
FILLER_0_72_413, 191.776, 204, 1.8
FILLER_0_71_441, 204.604, 204, 1.8
FILLER_0_72_469, 217.432, 204, 1.8
FILLER_0_71_497, 230.26, 204, 1.8
FILLER_0_72_525, 243.088, 204, 1.8
FILLER_0_71_553, 255.916, 204, 1.8
FILLER_0_72_581, 268.744, 204, 1.8
FILLER_0_71_609, 281.572, 204, 1.8
PHY_136, 5.52, 198.56, 1.8
PHY_138, 5.52, 198.56, 1.8
FILLER_0_69_617, 294.4, 198.56, 1.8
PHY_137, 294.4, 198.56, 1.8
PHY_139, 294.4, 198.56, 1.8
FILLER_0_69_51, 25.32, 198.56, 1.8
FILLER_0_70_77, 38.12, 198.56, 1.8
FILLER_0_69_105, 50.92, 198.56, 1.8
FILLER_0_70_133, 63.72, 198.56, 1.8
FILLER_0_69_161, 76.52, 198.56, 1.8
FILLER_0_70_189, 89.32, 198.56, 1.8
FILLER_0_69_217, 102.12, 198.56, 1.8
FILLER_0_70_245, 114.92, 198.56, 1.8
FILLER_0_69_273, 127.72, 198.56, 1.8
FILLER_0_70_301, 140.52, 198.56, 1.8
FILLER_0_69_329, 153.32, 198.56, 1.8
FILLER_0_69_385, 178.948, 198.56, 1.8
FILLER_0_70_413, 191.776, 198.56, 1.8
FILLER_0_69_441, 204.604, 198.56, 1.8
FILLER_0_70_469, 217.432, 198.56, 1.8
FILLER_0_69_497, 230.26, 198.56, 1.8
FILLER_0_70_525, 243.088, 198.56, 1.8
FILLER_0_69_553, 255.916, 198.56, 1.8
FILLER_0_70_581, 268.744, 198.56, 1.8
FILLER_0_69_609, 281.572, 198.56, 1.8
PHY_132, 5.52, 193.12, 1.8
PHY_134, 5.52, 193.12, 1.8
FILLER_0_67_617, 294.4, 193.12, 1.8
PHY_133, 294.4, 193.12, 1.8
PHY_135, 294.4, 193.12, 1.8
FILLER_0_67_51, 25.32, 193.12, 1.8
FILLER_0_68_77, 38.12, 193.12, 1.8
FILLER_0_67_105, 50.92, 193.12, 1.8
FILLER_0_68_133, 63.72, 193.12, 1.8
FILLER_0_67_161, 76.52, 193.12, 1.8
FILLER_0_68_189, 89.32, 193.12, 1.8
FILLER_0_67_217, 102.12, 193.12, 1.8
FILLER_0_68_245, 114.92, 193.12, 1.8
FILLER_0_67_273, 127.72, 193.12, 1.8
FILLER_0_68_301, 140.52, 193.12, 1.8
FILLER_0_67_329, 153.32, 193.12, 1.8
FILLER_0_67_385, 178.948, 193.12, 1.8
FILLER_0_68_413, 191.776, 193.12, 1.8
FILLER_0_67_441, 204.604, 193.12, 1.8
FILLER_0_68_469, 217.432, 193.12, 1.8
FILLER_0_67_497, 230.26, 193.12, 1.8
FILLER_0_68_525, 243.088, 193.12, 1.8
FILLER_0_67_553, 255.916, 193.12, 1.8
FILLER_0_68_581, 268.744, 193.12, 1.8
FILLER_0_67_609, 281.572, 193.12, 1.8
PHY_128, 5.52, 187.68, 1.8
PHY_130, 5.52, 187.68, 1.8
FILLER_0_65_617, 294.4, 187.68, 1.8
PHY_129, 294.4, 187.68, 1.8
PHY_131, 294.4, 187.68, 1.8
FILLER_0_65_51, 25.32, 187.68, 1.8
FILLER_0_66_77, 38.12, 187.68, 1.8
FILLER_0_65_105, 50.92, 187.68, 1.8
FILLER_0_66_133, 63.72, 187.68, 1.8
FILLER_0_65_161, 76.52, 187.68, 1.8
FILLER_0_66_189, 89.32, 187.68, 1.8
FILLER_0_65_217, 102.12, 187.68, 1.8
FILLER_0_66_245, 114.92, 187.68, 1.8
FILLER_0_65_273, 127.72, 187.68, 1.8
FILLER_0_66_301, 140.52, 187.68, 1.8
FILLER_0_65_329, 153.32, 187.68, 1.8
FILLER_0_65_385, 178.948, 187.68, 1.8
FILLER_0_66_413, 191.776, 187.68, 1.8
FILLER_0_65_441, 204.604, 187.68, 1.8
FILLER_0_66_469, 217.432, 187.68, 1.8
FILLER_0_65_497, 230.26, 187.68, 1.8
FILLER_0_66_525, 243.088, 187.68, 1.8
FILLER_0_65_553, 255.916, 187.68, 1.8
FILLER_0_66_581, 268.744, 187.68, 1.8
FILLER_0_65_609, 281.572, 187.68, 1.8
PHY_124, 5.52, 182.24, 1.8
PHY_126, 5.52, 182.24, 1.8
FILLER_0_63_617, 294.4, 182.24, 1.8
PHY_125, 294.4, 182.24, 1.8
PHY_127, 294.4, 182.24, 1.8
FILLER_0_63_51, 25.32, 182.24, 1.8
FILLER_0_64_77, 38.12, 182.24, 1.8
FILLER_0_63_105, 50.92, 182.24, 1.8
FILLER_0_64_133, 63.72, 182.24, 1.8
FILLER_0_63_161, 76.52, 182.24, 1.8
FILLER_0_64_189, 89.32, 182.24, 1.8
FILLER_0_63_217, 102.12, 182.24, 1.8
FILLER_0_64_245, 114.92, 182.24, 1.8
FILLER_0_63_273, 127.72, 182.24, 1.8
FILLER_0_64_301, 140.52, 182.24, 1.8
FILLER_0_63_329, 153.32, 182.24, 1.8
FILLER_0_63_385, 178.948, 182.24, 1.8
FILLER_0_64_413, 191.776, 182.24, 1.8
FILLER_0_63_441, 204.604, 182.24, 1.8
FILLER_0_64_469, 217.432, 182.24, 1.8
FILLER_0_63_497, 230.26, 182.24, 1.8
FILLER_0_64_525, 243.088, 182.24, 1.8
FILLER_0_63_553, 255.916, 182.24, 1.8
FILLER_0_64_581, 268.744, 182.24, 1.8
FILLER_0_63_609, 281.572, 182.24, 1.8
PHY_120, 5.52, 176.8, 1.8
PHY_122, 5.52, 176.8, 1.8
FILLER_0_61_617, 294.4, 176.8, 1.8
PHY_121, 294.4, 176.8, 1.8
PHY_123, 294.4, 176.8, 1.8
FILLER_0_61_51, 25.32, 176.8, 1.8
FILLER_0_62_77, 38.12, 176.8, 1.8
FILLER_0_61_105, 50.92, 176.8, 1.8
FILLER_0_62_133, 63.72, 176.8, 1.8
FILLER_0_61_161, 76.52, 176.8, 1.8
FILLER_0_62_189, 89.32, 176.8, 1.8
FILLER_0_61_217, 102.12, 176.8, 1.8
FILLER_0_62_245, 114.92, 176.8, 1.8
FILLER_0_61_273, 127.72, 176.8, 1.8
FILLER_0_62_301, 140.52, 176.8, 1.8
FILLER_0_61_329, 153.32, 176.8, 1.8
FILLER_0_61_385, 178.948, 176.8, 1.8
FILLER_0_62_413, 191.776, 176.8, 1.8
FILLER_0_61_441, 204.604, 176.8, 1.8
FILLER_0_62_469, 217.432, 176.8, 1.8
FILLER_0_61_497, 230.26, 176.8, 1.8
FILLER_0_62_525, 243.088, 176.8, 1.8
FILLER_0_61_553, 255.916, 176.8, 1.8
FILLER_0_62_581, 268.744, 176.8, 1.8
FILLER_0_61_609, 281.572, 176.8, 1.8
PHY_116, 5.52, 171.36, 1.8
PHY_118, 5.52, 171.36, 1.8
FILLER_0_59_617, 294.4, 171.36, 1.8
PHY_117, 294.4, 171.36, 1.8
PHY_119, 294.4, 171.36, 1.8
FILLER_0_59_51, 25.32, 171.36, 1.8
FILLER_0_60_77, 38.12, 171.36, 1.8
FILLER_0_59_105, 50.92, 171.36, 1.8
FILLER_0_60_133, 63.72, 171.36, 1.8
FILLER_0_59_161, 76.52, 171.36, 1.8
FILLER_0_60_189, 89.32, 171.36, 1.8
FILLER_0_59_217, 102.12, 171.36, 1.8
FILLER_0_60_245, 114.92, 171.36, 1.8
FILLER_0_59_273, 127.72, 171.36, 1.8
FILLER_0_60_301, 140.52, 171.36, 1.8
FILLER_0_59_329, 153.32, 171.36, 1.8
FILLER_0_59_385, 178.948, 171.36, 1.8
FILLER_0_60_413, 191.776, 171.36, 1.8
FILLER_0_59_441, 204.604, 171.36, 1.8
FILLER_0_60_469, 217.432, 171.36, 1.8
FILLER_0_59_497, 230.26, 171.36, 1.8
FILLER_0_60_525, 243.088, 171.36, 1.8
FILLER_0_59_553, 255.916, 171.36, 1.8
FILLER_0_60_581, 268.744, 171.36, 1.8
FILLER_0_59_609, 281.572, 171.36, 1.8
PHY_112, 5.52, 165.92, 1.8
PHY_114, 5.52, 165.92, 1.8
FILLER_0_57_617, 294.4, 165.92, 1.8
PHY_113, 294.4, 165.92, 1.8
PHY_115, 294.4, 165.92, 1.8
FILLER_0_57_51, 25.32, 165.92, 1.8
FILLER_0_58_77, 38.12, 165.92, 1.8
FILLER_0_57_105, 50.92, 165.92, 1.8
FILLER_0_58_133, 63.72, 165.92, 1.8
FILLER_0_57_161, 76.52, 165.92, 1.8
FILLER_0_58_189, 89.32, 165.92, 1.8
FILLER_0_57_217, 102.12, 165.92, 1.8
FILLER_0_58_245, 114.92, 165.92, 1.8
FILLER_0_57_273, 127.72, 165.92, 1.8
FILLER_0_58_301, 140.52, 165.92, 1.8
FILLER_0_57_329, 153.32, 165.92, 1.8
FILLER_0_57_385, 178.948, 165.92, 1.8
FILLER_0_58_413, 191.776, 165.92, 1.8
FILLER_0_57_441, 204.604, 165.92, 1.8
FILLER_0_58_469, 217.432, 165.92, 1.8
FILLER_0_57_497, 230.26, 165.92, 1.8
FILLER_0_58_525, 243.088, 165.92, 1.8
FILLER_0_57_553, 255.916, 165.92, 1.8
FILLER_0_58_581, 268.744, 165.92, 1.8
FILLER_0_57_609, 281.572, 165.92, 1.8
PHY_108, 5.52, 160.48, 1.8
PHY_110, 5.52, 160.48, 1.8
FILLER_0_55_617, 294.4, 160.48, 1.8
PHY_109, 294.4, 160.48, 1.8
PHY_111, 294.4, 160.48, 1.8
FILLER_0_55_51, 25.32, 160.48, 1.8
FILLER_0_56_77, 38.12, 160.48, 1.8
FILLER_0_55_105, 50.92, 160.48, 1.8
FILLER_0_56_133, 63.72, 160.48, 1.8
FILLER_0_55_161, 76.52, 160.48, 1.8
FILLER_0_56_189, 89.32, 160.48, 1.8
FILLER_0_55_217, 102.12, 160.48, 1.8
FILLER_0_56_245, 114.92, 160.48, 1.8
FILLER_0_55_273, 127.72, 160.48, 1.8
FILLER_0_56_301, 140.52, 160.48, 1.8
FILLER_0_55_329, 153.32, 160.48, 1.8
FILLER_0_55_385, 178.948, 160.48, 1.8
FILLER_0_56_413, 191.776, 160.48, 1.8
FILLER_0_55_441, 204.604, 160.48, 1.8
FILLER_0_56_469, 217.432, 160.48, 1.8
FILLER_0_55_497, 230.26, 160.48, 1.8
FILLER_0_56_525, 243.088, 160.48, 1.8
FILLER_0_55_553, 255.916, 160.48, 1.8
FILLER_0_56_581, 268.744, 160.48, 1.8
FILLER_0_55_609, 281.572, 160.48, 1.8
PHY_104, 5.52, 155.04, 1.8
PHY_106, 5.52, 155.04, 1.8
FILLER_0_53_617, 294.4, 155.04, 1.8
PHY_105, 294.4, 155.04, 1.8
PHY_107, 294.4, 155.04, 1.8
FILLER_0_53_51, 25.32, 155.04, 1.8
FILLER_0_54_77, 38.12, 155.04, 1.8
FILLER_0_53_105, 50.92, 155.04, 1.8
FILLER_0_54_133, 63.72, 155.04, 1.8
FILLER_0_53_161, 76.52, 155.04, 1.8
FILLER_0_54_189, 89.32, 155.04, 1.8
FILLER_0_53_217, 102.12, 155.04, 1.8
FILLER_0_54_245, 114.92, 155.04, 1.8
FILLER_0_53_273, 127.72, 155.04, 1.8
FILLER_0_54_301, 140.52, 155.04, 1.8
FILLER_0_53_329, 153.32, 155.04, 1.8
FILLER_0_53_385, 178.948, 155.04, 1.8
FILLER_0_54_413, 191.776, 155.04, 1.8
FILLER_0_53_441, 204.604, 155.04, 1.8
FILLER_0_54_469, 217.432, 155.04, 1.8
FILLER_0_53_497, 230.26, 155.04, 1.8
FILLER_0_54_525, 243.088, 155.04, 1.8
FILLER_0_53_553, 255.916, 155.04, 1.8
FILLER_0_54_581, 268.744, 155.04, 1.8
FILLER_0_53_609, 281.572, 155.04, 1.8
PHY_100, 5.52, 149.6, 1.8
PHY_102, 5.52, 149.6, 1.8
FILLER_0_51_617, 294.4, 149.6, 1.8
PHY_101, 294.4, 149.6, 1.8
PHY_103, 294.4, 149.6, 1.8
FILLER_0_51_51, 25.32, 149.6, 1.8
FILLER_0_52_77, 38.12, 149.6, 1.8
FILLER_0_51_105, 50.92, 149.6, 1.8
FILLER_0_52_133, 63.72, 149.6, 1.8
FILLER_0_51_161, 76.52, 149.6, 1.8
FILLER_0_52_189, 89.32, 149.6, 1.8
FILLER_0_51_217, 102.12, 149.6, 1.8
FILLER_0_52_245, 114.92, 149.6, 1.8
FILLER_0_51_273, 127.72, 149.6, 1.8
FILLER_0_52_301, 140.52, 149.6, 1.8
FILLER_0_51_329, 153.32, 149.6, 1.8
FILLER_0_51_385, 178.948, 149.6, 1.8
FILLER_0_52_413, 191.776, 149.6, 1.8
FILLER_0_51_441, 204.604, 149.6, 1.8
FILLER_0_52_469, 217.432, 149.6, 1.8
FILLER_0_51_497, 230.26, 149.6, 1.8
FILLER_0_52_525, 243.088, 149.6, 1.8
FILLER_0_51_553, 255.916, 149.6, 1.8
FILLER_0_52_581, 268.744, 149.6, 1.8
FILLER_0_51_609, 281.572, 149.6, 1.8
PHY_96, 5.52, 144.16, 1.8
PHY_98, 5.52, 144.16, 1.8
FILLER_0_49_617, 294.4, 144.16, 1.8
PHY_97, 294.4, 144.16, 1.8
PHY_99, 294.4, 144.16, 1.8
FILLER_0_49_51, 25.32, 144.16, 1.8
FILLER_0_50_77, 38.12, 144.16, 1.8
FILLER_0_49_105, 50.92, 144.16, 1.8
FILLER_0_50_133, 63.72, 144.16, 1.8
FILLER_0_49_161, 76.52, 144.16, 1.8
FILLER_0_50_189, 89.32, 144.16, 1.8
FILLER_0_49_217, 102.12, 144.16, 1.8
FILLER_0_50_245, 114.92, 144.16, 1.8
FILLER_0_49_273, 127.72, 144.16, 1.8
FILLER_0_50_301, 140.52, 144.16, 1.8
FILLER_0_49_329, 153.32, 144.16, 1.8
FILLER_0_49_385, 178.948, 144.16, 1.8
FILLER_0_50_413, 191.776, 144.16, 1.8
FILLER_0_49_441, 204.604, 144.16, 1.8
FILLER_0_50_469, 217.432, 144.16, 1.8
FILLER_0_49_497, 230.26, 144.16, 1.8
FILLER_0_50_525, 243.088, 144.16, 1.8
FILLER_0_49_553, 255.916, 144.16, 1.8
FILLER_0_50_581, 268.744, 144.16, 1.8
FILLER_0_49_609, 281.572, 144.16, 1.8
PHY_92, 5.52, 138.72, 1.8
PHY_94, 5.52, 138.72, 1.8
FILLER_0_47_617, 294.4, 138.72, 1.8
PHY_93, 294.4, 138.72, 1.8
PHY_95, 294.4, 138.72, 1.8
FILLER_0_47_51, 25.32, 138.72, 1.8
FILLER_0_48_77, 38.12, 138.72, 1.8
FILLER_0_47_105, 50.92, 138.72, 1.8
FILLER_0_48_133, 63.72, 138.72, 1.8
FILLER_0_47_161, 76.52, 138.72, 1.8
FILLER_0_48_189, 89.32, 138.72, 1.8
FILLER_0_47_217, 102.12, 138.72, 1.8
FILLER_0_48_245, 114.92, 138.72, 1.8
FILLER_0_47_273, 127.72, 138.72, 1.8
FILLER_0_48_301, 140.52, 138.72, 1.8
FILLER_0_47_329, 153.32, 138.72, 1.8
FILLER_0_47_385, 178.948, 138.72, 1.8
FILLER_0_48_413, 191.776, 138.72, 1.8
FILLER_0_47_441, 204.604, 138.72, 1.8
FILLER_0_48_469, 217.432, 138.72, 1.8
FILLER_0_47_497, 230.26, 138.72, 1.8
FILLER_0_48_525, 243.088, 138.72, 1.8
FILLER_0_47_553, 255.916, 138.72, 1.8
FILLER_0_48_581, 268.744, 138.72, 1.8
FILLER_0_47_609, 281.572, 138.72, 1.8
PHY_88, 5.52, 133.28, 1.8
PHY_90, 5.52, 133.28, 1.8
FILLER_0_45_617, 294.4, 133.28, 1.8
PHY_89, 294.4, 133.28, 1.8
PHY_91, 294.4, 133.28, 1.8
FILLER_0_45_51, 25.32, 133.28, 1.8
FILLER_0_46_77, 38.12, 133.28, 1.8
FILLER_0_45_105, 50.92, 133.28, 1.8
FILLER_0_46_133, 63.72, 133.28, 1.8
FILLER_0_45_161, 76.52, 133.28, 1.8
FILLER_0_46_189, 89.32, 133.28, 1.8
FILLER_0_45_217, 102.12, 133.28, 1.8
FILLER_0_46_245, 114.92, 133.28, 1.8
FILLER_0_45_273, 127.72, 133.28, 1.8
FILLER_0_46_301, 140.52, 133.28, 1.8
FILLER_0_45_329, 153.32, 133.28, 1.8
FILLER_0_45_385, 178.948, 133.28, 1.8
FILLER_0_46_413, 191.776, 133.28, 1.8
FILLER_0_45_441, 204.604, 133.28, 1.8
FILLER_0_46_469, 217.432, 133.28, 1.8
FILLER_0_45_497, 230.26, 133.28, 1.8
FILLER_0_46_525, 243.088, 133.28, 1.8
FILLER_0_45_553, 255.916, 133.28, 1.8
FILLER_0_46_581, 268.744, 133.28, 1.8
FILLER_0_45_609, 281.572, 133.28, 1.8
PHY_84, 5.52, 127.84, 1.8
PHY_86, 5.52, 127.84, 1.8
FILLER_0_43_617, 294.4, 127.84, 1.8
PHY_85, 294.4, 127.84, 1.8
PHY_87, 294.4, 127.84, 1.8
FILLER_0_43_51, 25.32, 127.84, 1.8
FILLER_0_44_77, 38.12, 127.84, 1.8
FILLER_0_43_105, 50.92, 127.84, 1.8
FILLER_0_44_133, 63.72, 127.84, 1.8
FILLER_0_43_161, 76.52, 127.84, 1.8
FILLER_0_44_189, 89.32, 127.84, 1.8
FILLER_0_43_217, 102.12, 127.84, 1.8
FILLER_0_44_245, 114.92, 127.84, 1.8
FILLER_0_43_273, 127.72, 127.84, 1.8
FILLER_0_44_301, 140.52, 127.84, 1.8
FILLER_0_43_329, 153.32, 127.84, 1.8
FILLER_0_43_385, 178.948, 127.84, 1.8
FILLER_0_44_413, 191.776, 127.84, 1.8
FILLER_0_43_441, 204.604, 127.84, 1.8
FILLER_0_44_469, 217.432, 127.84, 1.8
FILLER_0_43_497, 230.26, 127.84, 1.8
FILLER_0_44_525, 243.088, 127.84, 1.8
FILLER_0_43_553, 255.916, 127.84, 1.8
FILLER_0_44_581, 268.744, 127.84, 1.8
FILLER_0_43_609, 281.572, 127.84, 1.8
PHY_80, 5.52, 122.4, 1.8
PHY_82, 5.52, 122.4, 1.8
FILLER_0_41_617, 294.4, 122.4, 1.8
PHY_81, 294.4, 122.4, 1.8
PHY_83, 294.4, 122.4, 1.8
FILLER_0_41_51, 25.32, 122.4, 1.8
FILLER_0_42_77, 38.12, 122.4, 1.8
FILLER_0_41_105, 50.92, 122.4, 1.8
FILLER_0_42_133, 63.72, 122.4, 1.8
FILLER_0_41_161, 76.52, 122.4, 1.8
FILLER_0_42_189, 89.32, 122.4, 1.8
FILLER_0_41_217, 102.12, 122.4, 1.8
FILLER_0_42_245, 114.92, 122.4, 1.8
FILLER_0_41_273, 127.72, 122.4, 1.8
FILLER_0_42_301, 140.52, 122.4, 1.8
FILLER_0_41_329, 153.32, 122.4, 1.8
FILLER_0_41_385, 178.948, 122.4, 1.8
FILLER_0_42_413, 191.776, 122.4, 1.8
FILLER_0_41_441, 204.604, 122.4, 1.8
FILLER_0_42_469, 217.432, 122.4, 1.8
FILLER_0_41_497, 230.26, 122.4, 1.8
FILLER_0_42_525, 243.088, 122.4, 1.8
FILLER_0_41_553, 255.916, 122.4, 1.8
FILLER_0_42_581, 268.744, 122.4, 1.8
FILLER_0_41_609, 281.572, 122.4, 1.8
PHY_76, 5.52, 116.96, 1.8
PHY_78, 5.52, 116.96, 1.8
FILLER_0_39_617, 294.4, 116.96, 1.8
PHY_77, 294.4, 116.96, 1.8
PHY_79, 294.4, 116.96, 1.8
FILLER_0_39_51, 25.32, 116.96, 1.8
FILLER_0_40_77, 38.12, 116.96, 1.8
FILLER_0_39_105, 50.92, 116.96, 1.8
FILLER_0_40_133, 63.72, 116.96, 1.8
FILLER_0_39_161, 76.52, 116.96, 1.8
FILLER_0_40_189, 89.32, 116.96, 1.8
FILLER_0_39_217, 102.12, 116.96, 1.8
FILLER_0_40_245, 114.92, 116.96, 1.8
FILLER_0_39_273, 127.72, 116.96, 1.8
FILLER_0_40_301, 140.52, 116.96, 1.8
FILLER_0_39_329, 153.32, 116.96, 1.8
FILLER_0_39_385, 178.948, 116.96, 1.8
FILLER_0_40_413, 191.776, 116.96, 1.8
FILLER_0_39_441, 204.604, 116.96, 1.8
FILLER_0_40_469, 217.432, 116.96, 1.8
FILLER_0_39_497, 230.26, 116.96, 1.8
FILLER_0_40_525, 243.088, 116.96, 1.8
FILLER_0_39_553, 255.916, 116.96, 1.8
FILLER_0_40_581, 268.744, 116.96, 1.8
FILLER_0_39_609, 281.572, 116.96, 1.8
PHY_72, 5.52, 111.52, 1.8
PHY_74, 5.52, 111.52, 1.8
FILLER_0_37_617, 294.4, 111.52, 1.8
PHY_73, 294.4, 111.52, 1.8
PHY_75, 294.4, 111.52, 1.8
FILLER_0_37_51, 25.32, 111.52, 1.8
FILLER_0_38_77, 38.12, 111.52, 1.8
FILLER_0_37_105, 50.92, 111.52, 1.8
FILLER_0_38_133, 63.72, 111.52, 1.8
FILLER_0_37_161, 76.52, 111.52, 1.8
FILLER_0_38_189, 89.32, 111.52, 1.8
FILLER_0_37_217, 102.12, 111.52, 1.8
FILLER_0_38_245, 114.92, 111.52, 1.8
FILLER_0_37_273, 127.72, 111.52, 1.8
FILLER_0_38_301, 140.52, 111.52, 1.8
FILLER_0_37_329, 153.32, 111.52, 1.8
FILLER_0_37_385, 178.948, 111.52, 1.8
FILLER_0_38_413, 191.776, 111.52, 1.8
FILLER_0_37_441, 204.604, 111.52, 1.8
FILLER_0_38_469, 217.432, 111.52, 1.8
FILLER_0_37_497, 230.26, 111.52, 1.8
FILLER_0_38_525, 243.088, 111.52, 1.8
FILLER_0_37_553, 255.916, 111.52, 1.8
FILLER_0_38_581, 268.744, 111.52, 1.8
FILLER_0_37_609, 281.572, 111.52, 1.8
PHY_68, 5.52, 106.08, 1.8
PHY_70, 5.52, 106.08, 1.8
FILLER_0_35_617, 294.4, 106.08, 1.8
PHY_69, 294.4, 106.08, 1.8
PHY_71, 294.4, 106.08, 1.8
FILLER_0_35_51, 25.32, 106.08, 1.8
FILLER_0_36_77, 38.12, 106.08, 1.8
FILLER_0_35_105, 50.92, 106.08, 1.8
FILLER_0_36_133, 63.72, 106.08, 1.8
FILLER_0_35_161, 76.52, 106.08, 1.8
FILLER_0_36_189, 89.32, 106.08, 1.8
FILLER_0_35_217, 102.12, 106.08, 1.8
FILLER_0_36_245, 114.92, 106.08, 1.8
FILLER_0_35_273, 127.72, 106.08, 1.8
FILLER_0_36_301, 140.52, 106.08, 1.8
FILLER_0_35_329, 153.32, 106.08, 1.8
FILLER_0_35_385, 178.948, 106.08, 1.8
FILLER_0_36_413, 191.776, 106.08, 1.8
FILLER_0_35_441, 204.604, 106.08, 1.8
FILLER_0_36_469, 217.432, 106.08, 1.8
FILLER_0_35_497, 230.26, 106.08, 1.8
FILLER_0_36_525, 243.088, 106.08, 1.8
FILLER_0_35_553, 255.916, 106.08, 1.8
FILLER_0_36_581, 268.744, 106.08, 1.8
FILLER_0_35_609, 281.572, 106.08, 1.8
PHY_64, 5.52, 100.64, 1.8
PHY_66, 5.52, 100.64, 1.8
FILLER_0_33_617, 294.4, 100.64, 1.8
PHY_65, 294.4, 100.64, 1.8
PHY_67, 294.4, 100.64, 1.8
FILLER_0_33_51, 25.32, 100.64, 1.8
FILLER_0_34_77, 38.12, 100.64, 1.8
FILLER_0_33_105, 50.92, 100.64, 1.8
FILLER_0_34_133, 63.72, 100.64, 1.8
FILLER_0_33_161, 76.52, 100.64, 1.8
FILLER_0_34_189, 89.32, 100.64, 1.8
FILLER_0_33_217, 102.12, 100.64, 1.8
FILLER_0_34_245, 114.92, 100.64, 1.8
FILLER_0_33_273, 127.72, 100.64, 1.8
FILLER_0_34_301, 140.52, 100.64, 1.8
FILLER_0_33_329, 153.32, 100.64, 1.8
FILLER_0_33_385, 178.948, 100.64, 1.8
FILLER_0_34_413, 191.776, 100.64, 1.8
FILLER_0_33_441, 204.604, 100.64, 1.8
FILLER_0_34_469, 217.432, 100.64, 1.8
FILLER_0_33_497, 230.26, 100.64, 1.8
FILLER_0_34_525, 243.088, 100.64, 1.8
FILLER_0_33_553, 255.916, 100.64, 1.8
FILLER_0_34_581, 268.744, 100.64, 1.8
FILLER_0_33_609, 281.572, 100.64, 1.8
PHY_60, 5.52, 95.2, 1.8
PHY_62, 5.52, 95.2, 1.8
FILLER_0_31_617, 294.4, 95.2, 1.8
PHY_61, 294.4, 95.2, 1.8
PHY_63, 294.4, 95.2, 1.8
FILLER_0_31_51, 25.32, 95.2, 1.8
FILLER_0_32_77, 38.12, 95.2, 1.8
FILLER_0_31_105, 50.92, 95.2, 1.8
FILLER_0_32_133, 63.72, 95.2, 1.8
FILLER_0_31_161, 76.52, 95.2, 1.8
FILLER_0_32_189, 89.32, 95.2, 1.8
FILLER_0_31_217, 102.12, 95.2, 1.8
FILLER_0_32_245, 114.92, 95.2, 1.8
FILLER_0_31_273, 127.72, 95.2, 1.8
FILLER_0_32_301, 140.52, 95.2, 1.8
FILLER_0_31_329, 153.32, 95.2, 1.8
FILLER_0_31_385, 178.948, 95.2, 1.8
FILLER_0_32_413, 191.776, 95.2, 1.8
FILLER_0_31_441, 204.604, 95.2, 1.8
FILLER_0_32_469, 217.432, 95.2, 1.8
FILLER_0_31_497, 230.26, 95.2, 1.8
FILLER_0_32_525, 243.088, 95.2, 1.8
FILLER_0_31_553, 255.916, 95.2, 1.8
FILLER_0_32_581, 268.744, 95.2, 1.8
FILLER_0_31_609, 281.572, 95.2, 1.8
PHY_56, 5.52, 89.76, 1.8
PHY_58, 5.52, 89.76, 1.8
FILLER_0_29_617, 294.4, 89.76, 1.8
PHY_57, 294.4, 89.76, 1.8
PHY_59, 294.4, 89.76, 1.8
FILLER_0_29_51, 25.32, 89.76, 1.8
FILLER_0_30_77, 38.12, 89.76, 1.8
FILLER_0_29_105, 50.92, 89.76, 1.8
FILLER_0_30_133, 63.72, 89.76, 1.8
FILLER_0_29_161, 76.52, 89.76, 1.8
FILLER_0_30_189, 89.32, 89.76, 1.8
FILLER_0_29_217, 102.12, 89.76, 1.8
FILLER_0_30_245, 114.92, 89.76, 1.8
FILLER_0_29_273, 127.72, 89.76, 1.8
FILLER_0_30_301, 140.52, 89.76, 1.8
FILLER_0_29_329, 153.32, 89.76, 1.8
FILLER_0_29_385, 178.948, 89.76, 1.8
FILLER_0_30_413, 191.776, 89.76, 1.8
FILLER_0_29_441, 204.604, 89.76, 1.8
FILLER_0_30_469, 217.432, 89.76, 1.8
FILLER_0_29_497, 230.26, 89.76, 1.8
FILLER_0_30_525, 243.088, 89.76, 1.8
FILLER_0_29_553, 255.916, 89.76, 1.8
FILLER_0_30_581, 268.744, 89.76, 1.8
FILLER_0_29_609, 281.572, 89.76, 1.8
PHY_52, 5.52, 84.32, 1.8
PHY_54, 5.52, 84.32, 1.8
FILLER_0_27_617, 294.4, 84.32, 1.8
PHY_53, 294.4, 84.32, 1.8
PHY_55, 294.4, 84.32, 1.8
FILLER_0_27_51, 25.32, 84.32, 1.8
FILLER_0_28_77, 38.12, 84.32, 1.8
FILLER_0_27_105, 50.92, 84.32, 1.8
FILLER_0_28_133, 63.72, 84.32, 1.8
FILLER_0_27_161, 76.52, 84.32, 1.8
FILLER_0_28_189, 89.32, 84.32, 1.8
FILLER_0_27_217, 102.12, 84.32, 1.8
FILLER_0_28_245, 114.92, 84.32, 1.8
FILLER_0_27_273, 127.72, 84.32, 1.8
FILLER_0_28_301, 140.52, 84.32, 1.8
FILLER_0_27_329, 153.32, 84.32, 1.8
FILLER_0_27_385, 178.948, 84.32, 1.8
FILLER_0_28_413, 191.776, 84.32, 1.8
FILLER_0_27_441, 204.604, 84.32, 1.8
FILLER_0_28_469, 217.432, 84.32, 1.8
FILLER_0_27_497, 230.26, 84.32, 1.8
FILLER_0_28_525, 243.088, 84.32, 1.8
FILLER_0_27_553, 255.916, 84.32, 1.8
FILLER_0_28_581, 268.744, 84.32, 1.8
FILLER_0_27_609, 281.572, 84.32, 1.8
PHY_48, 5.52, 78.88, 1.8
PHY_50, 5.52, 78.88, 1.8
FILLER_0_25_617, 294.4, 78.88, 1.8
PHY_49, 294.4, 78.88, 1.8
PHY_51, 294.4, 78.88, 1.8
FILLER_0_25_51, 25.32, 78.88, 1.8
FILLER_0_26_77, 38.12, 78.88, 1.8
FILLER_0_25_105, 50.92, 78.88, 1.8
FILLER_0_26_133, 63.72, 78.88, 1.8
FILLER_0_25_161, 76.52, 78.88, 1.8
FILLER_0_26_189, 89.32, 78.88, 1.8
FILLER_0_25_217, 102.12, 78.88, 1.8
FILLER_0_26_245, 114.92, 78.88, 1.8
FILLER_0_25_273, 127.72, 78.88, 1.8
FILLER_0_26_301, 140.52, 78.88, 1.8
FILLER_0_25_329, 153.32, 78.88, 1.8
FILLER_0_25_385, 178.948, 78.88, 1.8
FILLER_0_26_413, 191.776, 78.88, 1.8
FILLER_0_25_441, 204.604, 78.88, 1.8
FILLER_0_26_469, 217.432, 78.88, 1.8
FILLER_0_25_497, 230.26, 78.88, 1.8
FILLER_0_26_525, 243.088, 78.88, 1.8
FILLER_0_25_553, 255.916, 78.88, 1.8
FILLER_0_26_581, 268.744, 78.88, 1.8
FILLER_0_25_609, 281.572, 78.88, 1.8
PHY_44, 5.52, 73.44, 1.8
PHY_46, 5.52, 73.44, 1.8
FILLER_0_23_617, 294.4, 73.44, 1.8
PHY_45, 294.4, 73.44, 1.8
PHY_47, 294.4, 73.44, 1.8
FILLER_0_23_51, 25.32, 73.44, 1.8
FILLER_0_24_77, 38.12, 73.44, 1.8
FILLER_0_23_105, 50.92, 73.44, 1.8
FILLER_0_24_133, 63.72, 73.44, 1.8
FILLER_0_23_161, 76.52, 73.44, 1.8
FILLER_0_24_189, 89.32, 73.44, 1.8
FILLER_0_23_217, 102.12, 73.44, 1.8
FILLER_0_24_245, 114.92, 73.44, 1.8
FILLER_0_23_273, 127.72, 73.44, 1.8
FILLER_0_24_301, 140.52, 73.44, 1.8
FILLER_0_23_329, 153.32, 73.44, 1.8
FILLER_0_23_385, 178.948, 73.44, 1.8
FILLER_0_24_413, 191.776, 73.44, 1.8
FILLER_0_23_441, 204.604, 73.44, 1.8
FILLER_0_24_469, 217.432, 73.44, 1.8
FILLER_0_23_497, 230.26, 73.44, 1.8
FILLER_0_24_525, 243.088, 73.44, 1.8
FILLER_0_23_553, 255.916, 73.44, 1.8
FILLER_0_24_581, 268.744, 73.44, 1.8
FILLER_0_23_609, 281.572, 73.44, 1.8
PHY_40, 5.52, 68, 1.8
PHY_42, 5.52, 68, 1.8
FILLER_0_21_617, 294.4, 68, 1.8
PHY_41, 294.4, 68, 1.8
PHY_43, 294.4, 68, 1.8
FILLER_0_21_51, 25.32, 68, 1.8
FILLER_0_22_77, 38.12, 68, 1.8
FILLER_0_21_105, 50.92, 68, 1.8
FILLER_0_22_133, 63.72, 68, 1.8
FILLER_0_21_161, 76.52, 68, 1.8
FILLER_0_22_189, 89.32, 68, 1.8
FILLER_0_21_217, 102.12, 68, 1.8
FILLER_0_22_245, 114.92, 68, 1.8
FILLER_0_21_273, 127.72, 68, 1.8
FILLER_0_22_301, 140.52, 68, 1.8
FILLER_0_21_329, 153.32, 68, 1.8
FILLER_0_21_385, 178.948, 68, 1.8
FILLER_0_22_413, 191.776, 68, 1.8
FILLER_0_21_441, 204.604, 68, 1.8
FILLER_0_22_469, 217.432, 68, 1.8
FILLER_0_21_497, 230.26, 68, 1.8
FILLER_0_22_525, 243.088, 68, 1.8
FILLER_0_21_553, 255.916, 68, 1.8
FILLER_0_22_581, 268.744, 68, 1.8
FILLER_0_21_609, 281.572, 68, 1.8
PHY_36, 5.52, 62.56, 1.8
PHY_38, 5.52, 62.56, 1.8
FILLER_0_19_617, 294.4, 62.56, 1.8
PHY_37, 294.4, 62.56, 1.8
PHY_39, 294.4, 62.56, 1.8
FILLER_0_19_51, 25.32, 62.56, 1.8
FILLER_0_20_77, 38.12, 62.56, 1.8
FILLER_0_19_105, 50.92, 62.56, 1.8
FILLER_0_20_133, 63.72, 62.56, 1.8
FILLER_0_19_161, 76.52, 62.56, 1.8
FILLER_0_20_189, 89.32, 62.56, 1.8
FILLER_0_19_217, 102.12, 62.56, 1.8
FILLER_0_20_245, 114.92, 62.56, 1.8
FILLER_0_19_273, 127.72, 62.56, 1.8
FILLER_0_20_301, 140.52, 62.56, 1.8
FILLER_0_19_329, 153.32, 62.56, 1.8
FILLER_0_19_385, 178.948, 62.56, 1.8
FILLER_0_20_413, 191.776, 62.56, 1.8
FILLER_0_19_441, 204.604, 62.56, 1.8
FILLER_0_20_469, 217.432, 62.56, 1.8
FILLER_0_19_497, 230.26, 62.56, 1.8
FILLER_0_20_525, 243.088, 62.56, 1.8
FILLER_0_19_553, 255.916, 62.56, 1.8
FILLER_0_20_581, 268.744, 62.56, 1.8
FILLER_0_19_609, 281.572, 62.56, 1.8
PHY_32, 5.52, 57.12, 1.8
PHY_34, 5.52, 57.12, 1.8
FILLER_0_17_617, 294.4, 57.12, 1.8
PHY_33, 294.4, 57.12, 1.8
PHY_35, 294.4, 57.12, 1.8
FILLER_0_17_51, 25.32, 57.12, 1.8
FILLER_0_18_77, 38.12, 57.12, 1.8
FILLER_0_17_105, 50.92, 57.12, 1.8
FILLER_0_18_133, 63.72, 57.12, 1.8
FILLER_0_17_161, 76.52, 57.12, 1.8
FILLER_0_18_189, 89.32, 57.12, 1.8
FILLER_0_17_217, 102.12, 57.12, 1.8
FILLER_0_18_245, 114.92, 57.12, 1.8
FILLER_0_17_273, 127.72, 57.12, 1.8
FILLER_0_18_301, 140.52, 57.12, 1.8
FILLER_0_17_329, 153.32, 57.12, 1.8
FILLER_0_17_385, 178.948, 57.12, 1.8
FILLER_0_18_413, 191.776, 57.12, 1.8
FILLER_0_17_441, 204.604, 57.12, 1.8
FILLER_0_18_469, 217.432, 57.12, 1.8
FILLER_0_17_497, 230.26, 57.12, 1.8
FILLER_0_18_525, 243.088, 57.12, 1.8
FILLER_0_17_553, 255.916, 57.12, 1.8
FILLER_0_18_581, 268.744, 57.12, 1.8
FILLER_0_17_609, 281.572, 57.12, 1.8
PHY_28, 5.52, 51.68, 1.8
PHY_30, 5.52, 51.68, 1.8
FILLER_0_15_617, 294.4, 51.68, 1.8
PHY_29, 294.4, 51.68, 1.8
PHY_31, 294.4, 51.68, 1.8
FILLER_0_15_51, 25.32, 51.68, 1.8
FILLER_0_16_77, 38.12, 51.68, 1.8
FILLER_0_15_105, 50.92, 51.68, 1.8
FILLER_0_16_133, 63.72, 51.68, 1.8
FILLER_0_15_161, 76.52, 51.68, 1.8
FILLER_0_16_189, 89.32, 51.68, 1.8
FILLER_0_15_217, 102.12, 51.68, 1.8
FILLER_0_16_245, 114.92, 51.68, 1.8
FILLER_0_15_273, 127.72, 51.68, 1.8
FILLER_0_16_301, 140.52, 51.68, 1.8
FILLER_0_15_329, 153.32, 51.68, 1.8
FILLER_0_15_385, 178.948, 51.68, 1.8
FILLER_0_16_413, 191.776, 51.68, 1.8
FILLER_0_15_441, 204.604, 51.68, 1.8
FILLER_0_16_469, 217.432, 51.68, 1.8
FILLER_0_15_497, 230.26, 51.68, 1.8
FILLER_0_16_525, 243.088, 51.68, 1.8
FILLER_0_15_553, 255.916, 51.68, 1.8
FILLER_0_16_581, 268.744, 51.68, 1.8
FILLER_0_15_609, 281.572, 51.68, 1.8
PHY_24, 5.52, 46.24, 1.8
PHY_26, 5.52, 46.24, 1.8
FILLER_0_13_617, 294.4, 46.24, 1.8
PHY_25, 294.4, 46.24, 1.8
PHY_27, 294.4, 46.24, 1.8
FILLER_0_13_51, 25.32, 46.24, 1.8
FILLER_0_14_77, 38.12, 46.24, 1.8
FILLER_0_13_105, 50.92, 46.24, 1.8
FILLER_0_14_133, 63.72, 46.24, 1.8
FILLER_0_13_161, 76.52, 46.24, 1.8
FILLER_0_14_189, 89.32, 46.24, 1.8
FILLER_0_13_217, 102.12, 46.24, 1.8
FILLER_0_14_245, 114.92, 46.24, 1.8
FILLER_0_13_273, 127.72, 46.24, 1.8
FILLER_0_14_301, 140.52, 46.24, 1.8
FILLER_0_13_329, 153.32, 46.24, 1.8
FILLER_0_13_385, 178.948, 46.24, 1.8
FILLER_0_14_413, 191.776, 46.24, 1.8
FILLER_0_13_441, 204.604, 46.24, 1.8
FILLER_0_14_469, 217.432, 46.24, 1.8
FILLER_0_13_497, 230.26, 46.24, 1.8
FILLER_0_14_525, 243.088, 46.24, 1.8
FILLER_0_13_553, 255.916, 46.24, 1.8
FILLER_0_14_581, 268.744, 46.24, 1.8
FILLER_0_13_609, 281.572, 46.24, 1.8
PHY_20, 5.52, 40.8, 1.8
PHY_22, 5.52, 40.8, 1.8
FILLER_0_11_617, 294.4, 40.8, 1.8
PHY_21, 294.4, 40.8, 1.8
PHY_23, 294.4, 40.8, 1.8
FILLER_0_11_51, 25.32, 40.8, 1.8
FILLER_0_12_77, 38.12, 40.8, 1.8
FILLER_0_11_105, 50.92, 40.8, 1.8
FILLER_0_12_133, 63.72, 40.8, 1.8
FILLER_0_11_161, 76.52, 40.8, 1.8
FILLER_0_12_189, 89.32, 40.8, 1.8
FILLER_0_11_217, 102.12, 40.8, 1.8
FILLER_0_12_245, 114.92, 40.8, 1.8
FILLER_0_11_273, 127.72, 40.8, 1.8
FILLER_0_12_301, 140.52, 40.8, 1.8
FILLER_0_11_329, 153.32, 40.8, 1.8
FILLER_0_11_385, 178.948, 40.8, 1.8
FILLER_0_12_413, 191.776, 40.8, 1.8
FILLER_0_11_441, 204.604, 40.8, 1.8
FILLER_0_12_469, 217.432, 40.8, 1.8
FILLER_0_11_497, 230.26, 40.8, 1.8
FILLER_0_12_525, 243.088, 40.8, 1.8
FILLER_0_11_553, 255.916, 40.8, 1.8
FILLER_0_12_581, 268.744, 40.8, 1.8
FILLER_0_11_609, 281.572, 40.8, 1.8
PHY_16, 5.52, 35.36, 1.8
PHY_18, 5.52, 35.36, 1.8
FILLER_0_9_617, 294.4, 35.36, 1.8
PHY_17, 294.4, 35.36, 1.8
PHY_19, 294.4, 35.36, 1.8
FILLER_0_9_51, 25.32, 35.36, 1.8
FILLER_0_10_77, 38.12, 35.36, 1.8
FILLER_0_9_105, 50.92, 35.36, 1.8
FILLER_0_10_133, 63.72, 35.36, 1.8
FILLER_0_9_161, 76.52, 35.36, 1.8
FILLER_0_10_189, 89.32, 35.36, 1.8
FILLER_0_9_217, 102.12, 35.36, 1.8
FILLER_0_10_245, 114.92, 35.36, 1.8
FILLER_0_9_273, 127.72, 35.36, 1.8
FILLER_0_10_301, 140.52, 35.36, 1.8
FILLER_0_9_329, 153.32, 35.36, 1.8
FILLER_0_9_385, 178.948, 35.36, 1.8
FILLER_0_10_413, 191.776, 35.36, 1.8
FILLER_0_9_441, 204.604, 35.36, 1.8
FILLER_0_10_469, 217.432, 35.36, 1.8
FILLER_0_9_497, 230.26, 35.36, 1.8
FILLER_0_10_525, 243.088, 35.36, 1.8
FILLER_0_9_553, 255.916, 35.36, 1.8
FILLER_0_10_581, 268.744, 35.36, 1.8
FILLER_0_9_609, 281.572, 35.36, 1.8
PHY_12, 5.52, 29.92, 1.8
PHY_14, 5.52, 29.92, 1.8
FILLER_0_7_617, 294.4, 29.92, 1.8
PHY_13, 294.4, 29.92, 1.8
PHY_15, 294.4, 29.92, 1.8
FILLER_0_7_51, 25.32, 29.92, 1.8
FILLER_0_8_77, 38.12, 29.92, 1.8
FILLER_0_7_105, 50.92, 29.92, 1.8
FILLER_0_8_133, 63.72, 29.92, 1.8
FILLER_0_7_161, 76.52, 29.92, 1.8
FILLER_0_8_189, 89.32, 29.92, 1.8
FILLER_0_7_217, 102.12, 29.92, 1.8
FILLER_0_8_245, 114.92, 29.92, 1.8
FILLER_0_7_273, 127.72, 29.92, 1.8
FILLER_0_8_301, 140.52, 29.92, 1.8
FILLER_0_7_329, 153.32, 29.92, 1.8
FILLER_0_7_385, 178.948, 29.92, 1.8
FILLER_0_8_413, 191.776, 29.92, 1.8
FILLER_0_7_441, 204.604, 29.92, 1.8
FILLER_0_8_469, 217.432, 29.92, 1.8
FILLER_0_7_497, 230.26, 29.92, 1.8
FILLER_0_8_525, 243.088, 29.92, 1.8
FILLER_0_7_553, 255.916, 29.92, 1.8
FILLER_0_8_581, 268.744, 29.92, 1.8
FILLER_0_7_609, 281.572, 29.92, 1.8
PHY_10, 5.52, 24.48, 1.8
PHY_8, 5.52, 24.48, 1.8
FILLER_0_5_617, 294.4, 24.48, 1.8
PHY_11, 294.4, 24.48, 1.8
PHY_9, 294.4, 24.48, 1.8
FILLER_0_5_51, 25.32, 24.48, 1.8
FILLER_0_6_77, 38.12, 24.48, 1.8
FILLER_0_5_105, 50.92, 24.48, 1.8
FILLER_0_6_133, 63.72, 24.48, 1.8
FILLER_0_5_161, 76.52, 24.48, 1.8
FILLER_0_6_189, 89.32, 24.48, 1.8
FILLER_0_5_217, 102.12, 24.48, 1.8
FILLER_0_6_245, 114.92, 24.48, 1.8
FILLER_0_5_273, 127.72, 24.48, 1.8
FILLER_0_6_301, 140.52, 24.48, 1.8
FILLER_0_5_329, 153.32, 24.48, 1.8
FILLER_0_5_385, 178.948, 24.48, 1.8
FILLER_0_6_413, 191.776, 24.48, 1.8
FILLER_0_5_441, 204.604, 24.48, 1.8
FILLER_0_6_469, 217.432, 24.48, 1.8
FILLER_0_5_497, 230.26, 24.48, 1.8
FILLER_0_6_525, 243.088, 24.48, 1.8
FILLER_0_5_553, 255.916, 24.48, 1.8
FILLER_0_6_581, 268.744, 24.48, 1.8
FILLER_0_5_609, 281.572, 24.48, 1.8
PHY_4, 5.52, 19.04, 1.8
PHY_6, 5.52, 19.04, 1.8
FILLER_0_3_617, 294.4, 19.04, 1.8
PHY_5, 294.4, 19.04, 1.8
PHY_7, 294.4, 19.04, 1.8
FILLER_0_3_51, 25.32, 19.04, 1.8
FILLER_0_4_77, 38.12, 19.04, 1.8
FILLER_0_3_105, 50.92, 19.04, 1.8
FILLER_0_4_133, 63.72, 19.04, 1.8
FILLER_0_3_161, 76.52, 19.04, 1.8
FILLER_0_4_189, 89.32, 19.04, 1.8
FILLER_0_3_217, 102.12, 19.04, 1.8
FILLER_0_4_245, 114.92, 19.04, 1.8
FILLER_0_3_273, 127.72, 19.04, 1.8
FILLER_0_4_301, 140.52, 19.04, 1.8
FILLER_0_3_329, 153.32, 19.04, 1.8
FILLER_0_3_385, 178.948, 19.04, 1.8
FILLER_0_4_413, 191.776, 19.04, 1.8
FILLER_0_3_441, 204.604, 19.04, 1.8
FILLER_0_4_469, 217.432, 19.04, 1.8
FILLER_0_3_497, 230.26, 19.04, 1.8
FILLER_0_4_525, 243.088, 19.04, 1.8
FILLER_0_3_553, 255.916, 19.04, 1.8
FILLER_0_4_581, 268.744, 19.04, 1.8
FILLER_0_3_609, 281.572, 19.04, 1.8
PHY_0, 5.52, 13.6, 1.8
PHY_2, 5.52, 13.6, 1.8
FILLER_0_0_617, 294.4, 13.6, 1.8
FILLER_0_1_617, 294.4, 13.6, 1.8
PHY_1, 294.4, 13.6, 1.8
PHY_3, 294.4, 13.6, 1.8
FILLER_0_0_53, 25.32, 13.6, 1.8
FILLER_0_1_51, 25.32, 13.6, 1.8
FILLER_0_0_81, 38.12, 13.6, 1.8
FILLER_0_2_77, 38.12, 13.6, 1.8
FILLER_0_0_109, 50.92, 13.6, 1.8
FILLER_0_1_105, 50.92, 13.6, 1.8
FILLER_0_0_137, 63.72, 13.6, 1.8
FILLER_0_2_133, 63.72, 13.6, 1.8
FILLER_0_0_165, 76.52, 13.6, 1.8
FILLER_0_1_161, 76.52, 13.6, 1.8
FILLER_0_0_193, 89.32, 13.6, 1.8
FILLER_0_2_189, 89.32, 13.6, 1.8
FILLER_0_0_221, 102.12, 13.6, 1.8
FILLER_0_1_217, 102.12, 13.6, 1.8
FILLER_0_0_249, 114.92, 13.6, 1.8
FILLER_0_2_245, 114.92, 13.6, 1.8
FILLER_0_0_277, 127.72, 13.6, 1.8
FILLER_0_1_273, 127.72, 13.6, 1.8
FILLER_0_0_305, 140.52, 13.6, 1.8
FILLER_0_2_301, 140.52, 13.6, 1.8
FILLER_0_0_333, 153.32, 13.6, 1.8
FILLER_0_1_329, 153.32, 13.6, 1.8
FILLER_0_0_389, 178.948, 13.6, 1.8
FILLER_0_1_385, 178.948, 13.6, 1.8
FILLER_0_0_417, 191.776, 13.6, 1.8
FILLER_0_2_413, 191.776, 13.6, 1.8
FILLER_0_0_445, 204.604, 13.6, 1.8
FILLER_0_1_441, 204.604, 13.6, 1.8
FILLER_0_0_473, 217.432, 13.6, 1.8
FILLER_0_2_469, 217.432, 13.6, 1.8
FILLER_0_0_501, 230.26, 13.6, 1.8
FILLER_0_1_497, 230.26, 13.6, 1.8
FILLER_0_0_529, 243.088, 13.6, 1.8
FILLER_0_2_525, 243.088, 13.6, 1.8
FILLER_0_0_557, 255.916, 13.6, 1.8
FILLER_0_1_553, 255.916, 13.6, 1.8
FILLER_0_0_585, 268.744, 13.6, 1.8
FILLER_0_2_581, 268.744, 13.6, 1.8
FILLER_0_0_613, 281.572, 13.6, 1.8
FILLER_0_1_609, 281.572, 13.6, 1.8

